y:\程序\c++\gamer\gamer\gamer\x64\debug\gamer.pch
y:\程序\c++\gamer\gamer\gamer\x64\debug\vc142.pdb
y:\程序\c++\gamer\gamer\gamer\x64\debug\vc142.idb
y:\程序\c++\gamer\gamer\gamer\x64\debug\pch.obj
y:\程序\c++\gamer\gamer\gamer\x64\debug\settingdlg.obj
y:\程序\c++\gamer\gamer\gamer\x64\debug\recorddlg.obj
y:\程序\c++\gamer\gamer\gamer\x64\debug\homedlg.obj
y:\程序\c++\gamer\gamer\gamer\x64\debug\gamerdlg.obj
y:\程序\c++\gamer\gamer\gamer\x64\debug\gamer.obj
y:\程序\c++\gamer\gamer\x64\debug\gamer.exe
y:\程序\c++\gamer\gamer\x64\debug\gamer.ilk
y:\程序\c++\gamer\gamer\x64\debug\gamer.pdb
y:\程序\c++\gamer\gamer\gamer\x64\debug\gamer.res
y:\程序\c++\gamer\gamer\gamer\x64\debug\gamer.tlog\cl.command.1.tlog
y:\程序\c++\gamer\gamer\gamer\x64\debug\gamer.tlog\cl.read.1.tlog
y:\程序\c++\gamer\gamer\gamer\x64\debug\gamer.tlog\cl.write.1.tlog
y:\程序\c++\gamer\gamer\gamer\x64\debug\gamer.tlog\link.command.1.tlog
y:\程序\c++\gamer\gamer\gamer\x64\debug\gamer.tlog\link.read.1.tlog
y:\程序\c++\gamer\gamer\gamer\x64\debug\gamer.tlog\link.write.1.tlog
y:\程序\c++\gamer\gamer\gamer\x64\debug\gamer.tlog\rc.command.1.tlog
y:\程序\c++\gamer\gamer\gamer\x64\debug\gamer.tlog\rc.read.1.tlog
y:\程序\c++\gamer\gamer\gamer\x64\debug\gamer.tlog\rc.write.1.tlog
