y:\程序\c++\gamer\gamer\gamer\x64\release\gamer.pch
y:\程序\c++\gamer\gamer\gamer\x64\release\vc142.pdb
y:\程序\c++\gamer\gamer\gamer\x64\release\pch.obj
y:\程序\c++\gamer\gamer\gamer\x64\release\recorddlg.obj
y:\程序\c++\gamer\gamer\gamer\x64\release\killprocess.obj
y:\程序\c++\gamer\gamer\gamer\x64\release\gamerdlg.obj
y:\程序\c++\gamer\gamer\gamer\x64\release\gamer.obj
y:\程序\c++\gamer\gamer\gamer\x64\release\homedlg.obj
y:\程序\c++\gamer\gamer\gamer\x64\release\cabout.obj
y:\程序\c++\gamer\gamer\gamer\x64\release\settingdlg.obj
y:\程序\c++\gamer\gamer\x64\release\gamer.ipdb
y:\程序\c++\gamer\gamer\x64\release\gamer.iobj
y:\程序\c++\gamer\gamer\x64\release\gamer.exe
y:\程序\c++\gamer\gamer\x64\release\gamer.pdb
y:\程序\c++\gamer\gamer\gamer\x64\release\gamer.res
y:\程序\c++\gamer\gamer\gamer\x64\release\gamer.tlog\cl.command.1.tlog
y:\程序\c++\gamer\gamer\gamer\x64\release\gamer.tlog\cl.read.1.tlog
y:\程序\c++\gamer\gamer\gamer\x64\release\gamer.tlog\cl.write.1.tlog
y:\程序\c++\gamer\gamer\gamer\x64\release\gamer.tlog\gamer.write.1u.tlog
y:\程序\c++\gamer\gamer\gamer\x64\release\gamer.tlog\link.command.1.tlog
y:\程序\c++\gamer\gamer\gamer\x64\release\gamer.tlog\link.read.1.tlog
y:\程序\c++\gamer\gamer\gamer\x64\release\gamer.tlog\link.write.1.tlog
y:\程序\c++\gamer\gamer\gamer\x64\release\gamer.tlog\rc.command.1.tlog
y:\程序\c++\gamer\gamer\gamer\x64\release\gamer.tlog\rc.read.1.tlog
y:\程序\c++\gamer\gamer\gamer\x64\release\gamer.tlog\rc.write.1.tlog
