y:\程序\c++\gamer\gamer\gamerdll\release\gamerdll.pch
y:\程序\c++\gamer\gamer\gamerdll\release\vc142.pdb
y:\程序\c++\gamer\gamer\gamerdll\release\pch.obj
y:\程序\c++\gamer\gamer\gamerdll\release\mhook.obj
y:\程序\c++\gamer\gamer\gamerdll\release\hookfunc.obj
y:\程序\c++\gamer\gamer\gamerdll\release\dllmain.obj
y:\程序\c++\gamer\gamer\gamerdll\release\control.obj
y:\程序\c++\gamer\gamer\gamerdll\release\misc.obj
y:\程序\c++\gamer\gamer\gamerdll\release\disasm_x86.obj
y:\程序\c++\gamer\gamer\gamerdll\release\disasm.obj
y:\程序\c++\gamer\gamer\gamerdll\release\cpu.obj
y:\程序\c++\gamer\gamer\release\gamerdll.lib
y:\程序\c++\gamer\gamer\release\gamerdll.exp
y:\程序\c++\gamer\gamer\release\gamerdll.ipdb
y:\程序\c++\gamer\gamer\release\gamerdll.iobj
y:\程序\c++\gamer\gamer\release\gamerdll.dll
y:\程序\c++\gamer\gamer\release\gamerdll.pdb
y:\程序\c++\gamer\gamer\gamerdll\release\gamerdll.tlog\cl.command.1.tlog
y:\程序\c++\gamer\gamer\gamerdll\release\gamerdll.tlog\cl.read.1.tlog
y:\程序\c++\gamer\gamer\gamerdll\release\gamerdll.tlog\cl.write.1.tlog
y:\程序\c++\gamer\gamer\gamerdll\release\gamerdll.tlog\gamerdll.write.1u.tlog
y:\程序\c++\gamer\gamer\gamerdll\release\gamerdll.tlog\link.command.1.tlog
y:\程序\c++\gamer\gamer\gamerdll\release\gamerdll.tlog\link.delete.1.tlog
y:\程序\c++\gamer\gamer\gamerdll\release\gamerdll.tlog\link.read.1.tlog
y:\程序\c++\gamer\gamer\gamerdll\release\gamerdll.tlog\link.write.1.tlog
